2025-02-18 18:44:02,681 - INFO - Iniciando o WebDriver...
2025-02-18 18:44:02,681 - INFO - ====== WebDriver manager ======
2025-02-18 18:44:05,971 - INFO - Get LATEST chromedriver version for google-chrome
2025-02-18 18:44:06,169 - INFO - Get LATEST chromedriver version for google-chrome
2025-02-18 18:44:06,299 - INFO - Get LATEST chromedriver version for google-chrome
2025-02-18 18:44:06,594 - INFO - WebDriver version 133.0.6943.98 selected
2025-02-18 18:44:06,596 - INFO - Modern chrome version https://storage.googleapis.com/chrome-for-testing-public/133.0.6943.98/win32/chromedriver-win32.zip
2025-02-18 18:44:06,596 - INFO - About to download new driver from https://storage.googleapis.com/chrome-for-testing-public/133.0.6943.98/win32/chromedriver-win32.zip
2025-02-18 18:44:06,809 - INFO - Driver downloading response is 200
2025-02-18 18:44:07,459 - INFO - Get LATEST chromedriver version for google-chrome
2025-02-18 18:44:07,678 - INFO - Driver has been saved in cache [C:\Users\be4fe\.wdm\drivers\chromedriver\win64\133.0.6943.98]
2025-02-18 18:44:09,647 - INFO - Acessando a Amazon...
2025-02-18 18:44:13,620 - INFO - ‚è≥ Aguardando CAPTCHA ser resolvido...
2025-02-18 18:44:19,700 - INFO - ‚è≥ Aguardando CAPTCHA ser resolvido...
2025-02-18 18:44:25,795 - INFO - ‚è≥ Aguardando CAPTCHA ser resolvido...
2025-02-18 18:44:31,898 - INFO - ‚è≥ Aguardando CAPTCHA ser resolvido...
2025-02-18 18:44:38,017 - INFO - ‚è≥ Aguardando CAPTCHA ser resolvido...
2025-02-18 18:44:44,142 - INFO - ‚è≥ Aguardando CAPTCHA ser resolvido...
2025-02-18 18:44:50,240 - INFO - ‚è≥ Aguardando CAPTCHA ser resolvido...
2025-02-18 18:44:56,327 - INFO - ‚è≥ Aguardando CAPTCHA ser resolvido...
2025-02-18 18:45:02,425 - INFO - ‚è≥ Aguardando CAPTCHA ser resolvido...
2025-02-18 18:45:08,495 - INFO - ‚è≥ Aguardando CAPTCHA ser resolvido...
2025-02-18 18:45:35,692 - INFO - Iniciando o WebDriver...
2025-02-18 18:45:35,693 - INFO - ====== WebDriver manager ======
2025-02-18 18:45:39,073 - INFO - Get LATEST chromedriver version for google-chrome
2025-02-18 18:45:39,188 - INFO - Get LATEST chromedriver version for google-chrome
2025-02-18 18:45:39,310 - INFO - Driver [C:\Users\be4fe\.wdm\drivers\chromedriver\win64\133.0.6943.98\chromedriver-win32/chromedriver.exe] found in cache
2025-02-18 18:45:41,265 - INFO - Acessando a Amazon...
2025-02-18 18:45:45,227 - INFO - ‚è≥ Aguardando CAPTCHA ser resolvido...
2025-02-18 18:45:51,363 - INFO - ‚è≥ Aguardando CAPTCHA ser resolvido...
2025-02-18 18:45:57,481 - INFO - ‚è≥ Aguardando CAPTCHA ser resolvido...
2025-02-18 18:46:03,564 - INFO - ‚è≥ Aguardando CAPTCHA ser resolvido...
2025-02-18 18:46:09,640 - INFO - ‚è≥ Aguardando CAPTCHA ser resolvido...
2025-02-18 18:46:15,723 - INFO - ‚è≥ Aguardando CAPTCHA ser resolvido...
2025-02-18 18:46:21,849 - INFO - ‚è≥ Aguardando CAPTCHA ser resolvido...
2025-02-18 18:46:27,979 - INFO - ‚è≥ Aguardando CAPTCHA ser resolvido...
2025-02-18 18:46:34,087 - INFO - ‚è≥ Aguardando CAPTCHA ser resolvido...
2025-02-18 18:46:40,182 - INFO - ‚è≥ Aguardando CAPTCHA ser resolvido...
2025-02-18 18:46:46,268 - INFO - ‚è≥ Aguardando CAPTCHA ser resolvido...
2025-02-18 18:46:52,359 - INFO - ‚è≥ Aguardando CAPTCHA ser resolvido...
2025-02-18 18:46:58,468 - INFO - ‚è≥ Aguardando CAPTCHA ser resolvido...
2025-02-18 18:47:04,578 - INFO - ‚è≥ Aguardando CAPTCHA ser resolvido...
2025-02-18 18:47:10,674 - INFO - ‚è≥ Aguardando CAPTCHA ser resolvido...
2025-02-18 18:47:16,775 - INFO - ‚è≥ Aguardando CAPTCHA ser resolvido...
2025-02-18 18:47:22,889 - INFO - ‚è≥ Aguardando CAPTCHA ser resolvido...
2025-02-18 18:47:28,996 - INFO - ‚è≥ Aguardando CAPTCHA ser resolvido...
2025-02-18 18:47:35,102 - INFO - ‚è≥ Aguardando CAPTCHA ser resolvido...
2025-02-18 18:47:41,223 - INFO - ‚è≥ Aguardando CAPTCHA ser resolvido...
2025-02-18 18:47:47,318 - INFO - ‚è≥ Aguardando CAPTCHA ser resolvido...
2025-02-18 18:47:53,423 - INFO - ‚è≥ Aguardando CAPTCHA ser resolvido...
2025-02-18 18:47:59,538 - INFO - ‚è≥ Aguardando CAPTCHA ser resolvido...
2025-02-18 18:48:05,637 - INFO - ‚è≥ Aguardando CAPTCHA ser resolvido...
2025-02-18 18:48:11,727 - INFO - ‚è≥ Aguardando CAPTCHA ser resolvido...
2025-02-18 18:48:17,810 - INFO - ‚è≥ Aguardando CAPTCHA ser resolvido...
2025-02-18 18:48:23,903 - INFO - ‚è≥ Aguardando CAPTCHA ser resolvido...
2025-02-18 18:48:29,985 - INFO - ‚è≥ Aguardando CAPTCHA ser resolvido...
2025-02-18 18:48:36,091 - INFO - ‚è≥ Aguardando CAPTCHA ser resolvido...
2025-02-18 18:48:42,196 - INFO - ‚è≥ Aguardando CAPTCHA ser resolvido...
2025-02-18 18:48:48,296 - INFO - ‚è≥ Aguardando CAPTCHA ser resolvido...
2025-02-18 18:48:54,381 - INFO - ‚è≥ Aguardando CAPTCHA ser resolvido...
2025-02-18 18:49:00,489 - INFO - ‚è≥ Aguardando CAPTCHA ser resolvido...
2025-02-18 18:49:06,597 - INFO - ‚è≥ Aguardando CAPTCHA ser resolvido...
2025-02-18 18:49:12,713 - INFO - ‚è≥ Aguardando CAPTCHA ser resolvido...
2025-02-18 18:49:18,838 - INFO - ‚è≥ Aguardando CAPTCHA ser resolvido...
2025-02-18 18:49:24,955 - INFO - ‚è≥ Aguardando CAPTCHA ser resolvido...
2025-02-18 18:49:31,057 - INFO - ‚è≥ Aguardando CAPTCHA ser resolvido...
2025-02-18 18:49:37,174 - INFO - ‚è≥ Aguardando CAPTCHA ser resolvido...
2025-02-18 18:49:43,275 - INFO - ‚è≥ Aguardando CAPTCHA ser resolvido...
2025-02-18 18:49:49,367 - INFO - ‚è≥ Aguardando CAPTCHA ser resolvido...
2025-02-18 18:49:55,476 - INFO - ‚è≥ Aguardando CAPTCHA ser resolvido...
2025-02-18 18:50:01,562 - INFO - ‚è≥ Aguardando CAPTCHA ser resolvido...
2025-02-18 18:50:07,649 - INFO - ‚è≥ Aguardando CAPTCHA ser resolvido...
2025-02-18 18:50:13,738 - INFO - ‚è≥ Aguardando CAPTCHA ser resolvido...
2025-02-18 18:50:19,829 - INFO - ‚è≥ Aguardando CAPTCHA ser resolvido...
2025-02-18 18:50:25,898 - INFO - ‚è≥ Aguardando CAPTCHA ser resolvido...
2025-02-18 18:50:31,976 - INFO - ‚è≥ Aguardando CAPTCHA ser resolvido...
2025-02-18 18:50:38,055 - INFO - ‚è≥ Aguardando CAPTCHA ser resolvido...
2025-02-18 18:50:43,675 - INFO - ‚è≥ Aguardando CAPTCHA ser resolvido...
2025-02-18 18:50:46,677 - INFO - ‚è≥ Aguardando CAPTCHA ser resolvido...
2025-02-18 18:50:49,684 - INFO - ‚è≥ Aguardando CAPTCHA ser resolvido...
2025-02-18 18:50:52,686 - INFO - ‚è≥ Aguardando CAPTCHA ser resolvido...
2025-02-18 18:50:55,690 - INFO - ‚è≥ Aguardando CAPTCHA ser resolvido...
2025-02-18 18:50:58,693 - INFO - ‚è≥ Aguardando CAPTCHA ser resolvido...
2025-02-18 18:51:01,696 - INFO - ‚è≥ Aguardando CAPTCHA ser resolvido...
2025-02-18 18:51:04,699 - INFO - ‚è≥ Aguardando CAPTCHA ser resolvido...
2025-02-18 18:51:07,702 - INFO - ‚è≥ Aguardando CAPTCHA ser resolvido...
2025-02-18 18:51:10,706 - INFO - ‚è≥ Aguardando CAPTCHA ser resolvido...
2025-02-18 18:51:13,710 - INFO - ‚è≥ Aguardando CAPTCHA ser resolvido...
2025-02-18 18:51:16,713 - INFO - ‚è≥ Aguardando CAPTCHA ser resolvido...
2025-02-18 18:51:19,719 - INFO - ‚è≥ Aguardando CAPTCHA ser resolvido...
2025-02-18 18:51:22,722 - INFO - ‚è≥ Aguardando CAPTCHA ser resolvido...
2025-02-18 18:51:25,725 - INFO - ‚è≥ Aguardando CAPTCHA ser resolvido...
2025-02-18 18:51:28,728 - INFO - ‚è≥ Aguardando CAPTCHA ser resolvido...
2025-02-18 18:51:31,732 - INFO - ‚è≥ Aguardando CAPTCHA ser resolvido...
2025-02-18 18:51:34,736 - INFO - ‚è≥ Aguardando CAPTCHA ser resolvido...
2025-02-18 18:51:37,738 - INFO - ‚è≥ Aguardando CAPTCHA ser resolvido...
2025-02-18 18:51:40,740 - INFO - ‚è≥ Aguardando CAPTCHA ser resolvido...
2025-02-18 18:51:43,744 - INFO - ‚è≥ Aguardando CAPTCHA ser resolvido...
2025-02-18 18:51:46,746 - INFO - ‚è≥ Aguardando CAPTCHA ser resolvido...
2025-02-18 18:51:49,750 - INFO - ‚è≥ Aguardando CAPTCHA ser resolvido...
2025-02-18 18:51:52,753 - INFO - ‚è≥ Aguardando CAPTCHA ser resolvido...
2025-02-18 18:51:55,756 - INFO - ‚è≥ Aguardando CAPTCHA ser resolvido...
2025-02-18 18:51:58,760 - INFO - ‚è≥ Aguardando CAPTCHA ser resolvido...
2025-02-18 18:52:01,763 - INFO - ‚è≥ Aguardando CAPTCHA ser resolvido...
2025-02-18 18:52:04,766 - INFO - ‚è≥ Aguardando CAPTCHA ser resolvido...
2025-02-18 18:52:07,771 - INFO - ‚è≥ Aguardando CAPTCHA ser resolvido...
2025-02-18 18:52:10,775 - INFO - ‚è≥ Aguardando CAPTCHA ser resolvido...
2025-02-18 18:52:13,779 - INFO - ‚è≥ Aguardando CAPTCHA ser resolvido...
2025-02-18 18:52:16,784 - INFO - ‚è≥ Aguardando CAPTCHA ser resolvido...
2025-02-18 18:52:19,787 - INFO - ‚è≥ Aguardando CAPTCHA ser resolvido...
2025-02-18 18:52:22,791 - INFO - ‚è≥ Aguardando CAPTCHA ser resolvido...
2025-02-18 18:52:25,794 - INFO - ‚è≥ Aguardando CAPTCHA ser resolvido...
2025-02-18 18:52:28,799 - INFO - ‚è≥ Aguardando CAPTCHA ser resolvido...
2025-02-18 18:52:31,804 - INFO - ‚è≥ Aguardando CAPTCHA ser resolvido...
2025-02-18 18:52:34,808 - INFO - ‚è≥ Aguardando CAPTCHA ser resolvido...
2025-02-18 18:52:37,811 - INFO - ‚è≥ Aguardando CAPTCHA ser resolvido...
2025-02-18 18:52:40,814 - INFO - ‚è≥ Aguardando CAPTCHA ser resolvido...
2025-02-18 18:52:43,818 - INFO - ‚è≥ Aguardando CAPTCHA ser resolvido...
2025-02-18 18:52:46,821 - INFO - ‚è≥ Aguardando CAPTCHA ser resolvido...
2025-02-18 18:52:49,826 - INFO - ‚è≥ Aguardando CAPTCHA ser resolvido...
2025-02-18 18:52:52,829 - INFO - ‚è≥ Aguardando CAPTCHA ser resolvido...
2025-02-18 18:52:55,833 - INFO - ‚è≥ Aguardando CAPTCHA ser resolvido...
2025-02-18 18:52:58,839 - INFO - ‚è≥ Aguardando CAPTCHA ser resolvido...
2025-02-18 18:53:01,843 - INFO - ‚è≥ Aguardando CAPTCHA ser resolvido...
2025-02-18 18:53:04,848 - INFO - ‚è≥ Aguardando CAPTCHA ser resolvido...
2025-02-18 18:53:07,853 - INFO - ‚è≥ Aguardando CAPTCHA ser resolvido...
2025-02-18 18:53:10,857 - INFO - ‚è≥ Aguardando CAPTCHA ser resolvido...
2025-02-18 18:53:13,861 - INFO - ‚è≥ Aguardando CAPTCHA ser resolvido...
2025-02-18 18:53:16,866 - INFO - ‚è≥ Aguardando CAPTCHA ser resolvido...
2025-02-18 18:53:19,870 - INFO - ‚è≥ Aguardando CAPTCHA ser resolvido...
2025-02-18 18:53:22,875 - INFO - ‚è≥ Aguardando CAPTCHA ser resolvido...
2025-02-18 18:53:25,880 - INFO - ‚è≥ Aguardando CAPTCHA ser resolvido...
2025-02-18 18:53:28,885 - INFO - ‚è≥ Aguardando CAPTCHA ser resolvido...
2025-02-18 18:53:31,890 - INFO - ‚è≥ Aguardando CAPTCHA ser resolvido...
2025-02-18 18:53:34,894 - INFO - ‚è≥ Aguardando CAPTCHA ser resolvido...
2025-02-18 18:53:37,899 - INFO - ‚è≥ Aguardando CAPTCHA ser resolvido...
2025-02-18 18:53:40,906 - INFO - ‚è≥ Aguardando CAPTCHA ser resolvido...
2025-02-18 18:53:43,910 - INFO - ‚è≥ Aguardando CAPTCHA ser resolvido...
2025-02-18 18:53:46,915 - INFO - ‚è≥ Aguardando CAPTCHA ser resolvido...
2025-02-18 18:53:49,921 - INFO - ‚è≥ Aguardando CAPTCHA ser resolvido...
2025-02-18 18:53:52,923 - INFO - ‚è≥ Aguardando CAPTCHA ser resolvido...
2025-02-18 18:53:55,927 - INFO - ‚è≥ Aguardando CAPTCHA ser resolvido...
2025-02-18 18:53:58,931 - INFO - ‚è≥ Aguardando CAPTCHA ser resolvido...
2025-02-18 18:54:01,936 - INFO - ‚è≥ Aguardando CAPTCHA ser resolvido...
2025-02-18 18:54:04,940 - INFO - ‚è≥ Aguardando CAPTCHA ser resolvido...
2025-02-18 18:54:07,941 - INFO - ‚è≥ Aguardando CAPTCHA ser resolvido...
2025-02-18 18:54:10,943 - INFO - ‚è≥ Aguardando CAPTCHA ser resolvido...
2025-02-18 18:54:13,945 - INFO - ‚è≥ Aguardando CAPTCHA ser resolvido...
2025-02-18 18:54:16,949 - INFO - ‚è≥ Aguardando CAPTCHA ser resolvido...
2025-02-18 18:54:19,954 - INFO - ‚è≥ Aguardando CAPTCHA ser resolvido...
2025-02-18 18:54:22,959 - INFO - ‚è≥ Aguardando CAPTCHA ser resolvido...
2025-02-18 18:54:25,962 - INFO - ‚è≥ Aguardando CAPTCHA ser resolvido...
2025-02-18 18:54:28,966 - INFO - ‚è≥ Aguardando CAPTCHA ser resolvido...
2025-02-18 18:54:31,970 - INFO - ‚è≥ Aguardando CAPTCHA ser resolvido...
2025-02-18 18:54:34,975 - INFO - ‚è≥ Aguardando CAPTCHA ser resolvido...
2025-02-18 18:54:37,978 - INFO - ‚è≥ Aguardando CAPTCHA ser resolvido...
2025-02-18 18:54:40,979 - INFO - ‚è≥ Aguardando CAPTCHA ser resolvido...
2025-02-18 18:54:43,982 - INFO - ‚è≥ Aguardando CAPTCHA ser resolvido...
2025-02-18 18:54:46,986 - INFO - ‚è≥ Aguardando CAPTCHA ser resolvido...
2025-02-18 18:54:49,989 - INFO - ‚è≥ Aguardando CAPTCHA ser resolvido...
2025-02-18 18:54:52,994 - INFO - ‚è≥ Aguardando CAPTCHA ser resolvido...
2025-02-18 18:54:55,998 - INFO - ‚è≥ Aguardando CAPTCHA ser resolvido...
2025-02-18 18:54:59,001 - INFO - ‚è≥ Aguardando CAPTCHA ser resolvido...
2025-02-18 18:55:02,003 - INFO - ‚è≥ Aguardando CAPTCHA ser resolvido...
2025-02-18 18:55:05,004 - INFO - ‚è≥ Aguardando CAPTCHA ser resolvido...
2025-02-18 18:55:08,006 - INFO - ‚è≥ Aguardando CAPTCHA ser resolvido...
2025-02-18 18:55:11,008 - INFO - ‚è≥ Aguardando CAPTCHA ser resolvido...
2025-02-18 18:55:14,010 - INFO - ‚è≥ Aguardando CAPTCHA ser resolvido...
2025-02-18 18:55:17,012 - INFO - ‚è≥ Aguardando CAPTCHA ser resolvido...
2025-02-18 18:55:20,014 - INFO - ‚è≥ Aguardando CAPTCHA ser resolvido...
2025-02-18 18:55:23,016 - INFO - ‚è≥ Aguardando CAPTCHA ser resolvido...
2025-02-18 18:55:26,018 - INFO - ‚è≥ Aguardando CAPTCHA ser resolvido...
2025-02-18 18:55:29,020 - INFO - ‚è≥ Aguardando CAPTCHA ser resolvido...
2025-02-18 18:55:32,025 - INFO - ‚è≥ Aguardando CAPTCHA ser resolvido...
2025-02-18 18:55:35,028 - INFO - ‚è≥ Aguardando CAPTCHA ser resolvido...
2025-02-18 18:56:39,623 - INFO - Iniciando o WebDriver...
2025-02-18 18:56:39,624 - INFO - ====== WebDriver manager ======
2025-02-18 18:56:42,923 - INFO - Get LATEST chromedriver version for google-chrome
2025-02-18 18:56:43,050 - INFO - Get LATEST chromedriver version for google-chrome
2025-02-18 18:56:43,164 - INFO - Driver [C:\Users\be4fe\.wdm\drivers\chromedriver\win64\133.0.6943.98\chromedriver-win32/chromedriver.exe] found in cache
2025-02-18 18:56:45,042 - INFO - Acessando a Amazon...
2025-02-18 18:56:47,372 - INFO - ‚úÖ CAPTCHA resolvido! Continuando a automa√ß√£o...
2025-02-18 18:56:56,217 - INFO - Fechando o navegador...
2025-02-18 18:56:58,534 - INFO - ‚úÖ Dados salvos com sucesso em 'produtos_amazon_openpyxl.xlsx'!
2025-02-18 18:56:58,534 - INFO - Enviando e-mail com o relat√≥rio...
2025-02-18 18:57:02,462 - INFO - ‚úÖ E-mail enviado com sucesso!
2025-02-19 11:15:59,572 - INFO - Iniciando o WebDriver...
2025-02-19 11:15:59,573 - INFO - ====== WebDriver manager ======
2025-02-19 11:16:03,537 - INFO - Get LATEST chromedriver version for google-chrome
2025-02-19 11:16:03,719 - INFO - Get LATEST chromedriver version for google-chrome
2025-02-19 11:16:03,841 - INFO - There is no [win64] chromedriver "133.0.6943.126" for browser google-chrome "133.0.6943" in cache
2025-02-19 11:16:03,842 - INFO - Get LATEST chromedriver version for google-chrome
2025-02-19 11:16:04,099 - INFO - WebDriver version 133.0.6943.126 selected
2025-02-19 11:16:04,101 - INFO - Modern chrome version https://storage.googleapis.com/chrome-for-testing-public/133.0.6943.126/win32/chromedriver-win32.zip
2025-02-19 11:16:04,101 - INFO - About to download new driver from https://storage.googleapis.com/chrome-for-testing-public/133.0.6943.126/win32/chromedriver-win32.zip
2025-02-19 11:16:04,310 - INFO - Driver downloading response is 200
2025-02-19 11:16:05,584 - INFO - Get LATEST chromedriver version for google-chrome
2025-02-19 11:16:05,804 - INFO - Driver has been saved in cache [C:\Users\be4fe\.wdm\drivers\chromedriver\win64\133.0.6943.126]
2025-02-19 11:16:09,570 - INFO - Acessando a Amazon...
2025-02-19 11:16:14,657 - INFO - ‚úÖ CAPTCHA resolvido! Continuando a automa√ß√£o...
2025-02-19 11:16:22,710 - INFO - Fechando o navegador...
2025-02-19 11:16:25,104 - INFO - ‚úÖ Dados salvos com sucesso em 'produtos_amazon_openpyxl.xlsx'!
2025-02-19 11:16:25,104 - INFO - Enviando e-mail com o relat√≥rio...
2025-02-19 11:16:29,079 - INFO - ‚úÖ E-mail enviado com sucesso!
2025-02-19 14:16:29,971 - INFO - Iniciando o WebDriver...
2025-02-19 14:16:29,972 - INFO - ====== WebDriver manager ======
2025-02-19 14:16:33,262 - INFO - Get LATEST chromedriver version for google-chrome
2025-02-19 14:16:33,483 - INFO - Get LATEST chromedriver version for google-chrome
2025-02-19 14:16:33,625 - INFO - Driver [C:\Users\be4fe\.wdm\drivers\chromedriver\win64\133.0.6943.126\chromedriver-win32/chromedriver.exe] found in cache
2025-02-19 14:16:36,895 - INFO - Acessando a Amazon...
2025-02-19 14:16:38,842 - INFO - ‚úÖ CAPTCHA resolvido! Continuando a automa√ß√£o...
2025-02-19 14:16:48,854 - INFO - Fechando o navegador...
2025-02-19 14:16:51,142 - INFO - ‚úÖ Dados salvos com sucesso em 'produtos_amazon_openpyxl.xlsx'!
2025-02-19 14:16:51,142 - INFO - Enviando e-mail com o relat√≥rio...
2025-02-19 14:16:55,135 - INFO - ‚úÖ E-mail enviado com sucesso!
2025-02-19 14:34:54,485 - INFO - Iniciando o WebDriver...
2025-02-19 14:34:54,485 - INFO - ====== WebDriver manager ======
2025-02-19 14:34:55,474 - INFO - Get LATEST chromedriver version for google-chrome
2025-02-19 14:34:55,764 - INFO - Get LATEST chromedriver version for google-chrome
2025-02-19 14:34:55,843 - INFO - There is no [win64] chromedriver "133.0.6943.126" for browser google-chrome "133.0.6943" in cache
2025-02-19 14:34:55,843 - INFO - Get LATEST chromedriver version for google-chrome
2025-02-19 14:34:56,063 - INFO - WebDriver version 133.0.6943.126 selected
2025-02-19 14:34:56,067 - INFO - Modern chrome version https://storage.googleapis.com/chrome-for-testing-public/133.0.6943.126/win32/chromedriver-win32.zip
2025-02-19 14:34:56,068 - INFO - About to download new driver from https://storage.googleapis.com/chrome-for-testing-public/133.0.6943.126/win32/chromedriver-win32.zip
2025-02-19 14:34:56,203 - INFO - Driver downloading response is 200
2025-02-19 14:34:57,018 - INFO - Get LATEST chromedriver version for google-chrome
2025-02-19 14:34:57,526 - INFO - Driver has been saved in cache [C:\Users\jvmat\.wdm\drivers\chromedriver\win64\133.0.6943.126]
2025-02-19 14:34:59,045 - INFO - Acessando a Amazon...
2025-02-19 14:35:01,896 - INFO - \u2705 CAPTCHA resolvido! Continuando a automaÁ„o...
2025-02-19 14:35:09,640 - INFO - Fechando o navegador...
2025-02-19 14:35:11,912 - INFO - \u2705 Dados salvos com sucesso em 'produtos_amazon_openpyxl.xlsx'!
2025-02-19 14:35:11,912 - INFO - Enviando e-mail com o relatÛrio...
2025-02-19 14:35:15,806 - INFO - \u2705 E-mail enviado com sucesso!
2025-02-19 14:36:53,511 - INFO - Iniciando o WebDriver...
2025-02-19 14:36:53,511 - INFO - ====== WebDriver manager ======
2025-02-19 14:36:54,372 - INFO - Get LATEST chromedriver version for google-chrome
2025-02-19 14:36:54,476 - INFO - Get LATEST chromedriver version for google-chrome
2025-02-19 14:36:54,569 - INFO - Driver [C:\Users\jvmat\.wdm\drivers\chromedriver\win64\133.0.6943.126\chromedriver-win32/chromedriver.exe] found in cache
2025-02-19 14:36:55,681 - INFO - Acessando a Amazon...
2025-02-19 14:44:44,801 - INFO - Iniciando o WebDriver...
2025-02-19 14:44:44,801 - INFO - ====== WebDriver manager ======
2025-02-19 14:44:45,553 - INFO - Get LATEST chromedriver version for google-chrome
2025-02-19 14:44:45,646 - INFO - Get LATEST chromedriver version for google-chrome
2025-02-19 14:44:45,736 - INFO - Driver [C:\Users\jvmat\.wdm\drivers\chromedriver\win64\133.0.6943.126\chromedriver-win32/chromedriver.exe] found in cache
2025-02-19 14:44:46,867 - INFO - Acessando a Amazon...
2025-02-19 14:44:49,153 - INFO - \u2705 CAPTCHA resolvido! Continuando a automaÁ„o...
2025-02-19 14:44:57,001 - INFO - Fechando o navegador...
2025-02-19 14:44:59,207 - INFO - \u2705 Dados salvos com sucesso em 'produtos_amazon_openpyxl.xlsx'!
2025-02-19 14:44:59,207 - INFO - Enviando e-mail com o relatÛrio...
2025-02-19 14:45:02,845 - INFO - \u2705 E-mail enviado com sucesso!
2025-02-19 14:55:15,685 - INFO - Iniciando o WebDriver...
2025-02-19 14:55:15,685 - INFO - ====== WebDriver manager ======
2025-02-19 14:55:20,719 - INFO - Get LATEST chromedriver version for google-chrome
2025-02-19 14:55:20,858 - INFO - Get LATEST chromedriver version for google-chrome
2025-02-19 14:55:20,968 - INFO - Driver [C:\Users\be4fe\.wdm\drivers\chromedriver\win64\133.0.6943.126\chromedriver-win32/chromedriver.exe] found in cache
2025-02-19 14:55:29,775 - INFO - Acessando a Amazon...
2025-02-19 14:55:37,054 - INFO - ‚úÖ CAPTCHA resolvido! Continuando a automa√ß√£o...
2025-02-19 14:55:53,980 - INFO - Fechando o navegador...
2025-02-19 14:55:56,551 - INFO - ‚úÖ Dados salvos com sucesso em 'produtos_amazon_openpyxl.xlsx'!
2025-02-19 14:55:56,551 - INFO - Enviando e-mail com o relat√≥rio...
2025-02-19 14:56:00,510 - INFO - ‚úÖ E-mail enviado com sucesso!
2025-02-19 15:02:24,389 - INFO - Iniciando o WebDriver...
2025-02-19 15:02:24,390 - INFO - ====== WebDriver manager ======
2025-02-19 15:02:30,130 - INFO - Get LATEST chromedriver version for google-chrome
2025-02-19 15:02:30,262 - INFO - Get LATEST chromedriver version for google-chrome
2025-02-19 15:02:30,379 - INFO - Driver [C:\Users\be4fe\.wdm\drivers\chromedriver\win64\133.0.6943.126\chromedriver-win32/chromedriver.exe] found in cache
2025-02-19 15:02:38,849 - INFO - Acessando a Amazon...
2025-02-19 15:02:44,562 - INFO - ‚úÖ CAPTCHA resolvido! Continuando a automa√ß√£o...
2025-02-19 15:02:56,148 - INFO - Fechando o navegador...
2025-02-19 15:02:58,630 - INFO - ‚úÖ Dados salvos com sucesso em 'produtos_amazon_openpyxl.xlsx'!
2025-02-19 15:02:58,630 - INFO - Enviando e-mail com o relat√≥rio...
2025-02-19 15:03:03,708 - INFO - ‚úÖ E-mail enviado com sucesso!
2025-02-19 15:13:16,390 - INFO - Iniciando o WebDriver...
2025-02-19 15:13:16,390 - INFO - ====== WebDriver manager ======
2025-02-19 15:13:20,069 - INFO - Get LATEST chromedriver version for google-chrome
2025-02-19 15:13:20,298 - INFO - Get LATEST chromedriver version for google-chrome
2025-02-19 15:13:20,408 - INFO - Driver [C:\Users\be4fe\.wdm\drivers\chromedriver\win64\133.0.6943.126\chromedriver-win32/chromedriver.exe] found in cache
2025-02-19 15:13:22,438 - INFO - Acessando a Amazon...
2025-02-19 15:13:26,097 - INFO - ‚úÖ CAPTCHA resolvido! Continuando a automa√ß√£o...
2025-02-19 15:13:43,080 - INFO - Fechando o navegador...
2025-02-19 15:13:45,449 - INFO - ‚úÖ Dados salvos com sucesso em 'produtos_amazon_openpyxl.xlsx'!
2025-02-19 15:13:45,449 - INFO - Enviando e-mail com o relat√≥rio...
2025-02-19 15:13:49,984 - INFO - ‚úÖ E-mail enviado com sucesso!
2025-02-19 16:05:06,286 - INFO - Iniciando o WebDriver...
2025-02-19 16:05:06,287 - INFO - ====== WebDriver manager ======
2025-02-19 16:05:06,617 - INFO - Iniciando o WebDriver...
2025-02-19 16:05:06,618 - INFO - ====== WebDriver manager ======
2025-02-19 16:05:12,226 - INFO - Get LATEST chromedriver version for google-chrome
2025-02-19 16:05:12,392 - INFO - Get LATEST chromedriver version for google-chrome
2025-02-19 16:05:12,519 - INFO - Driver [C:\Users\be4fe\.wdm\drivers\chromedriver\win64\133.0.6943.126\chromedriver-win32/chromedriver.exe] found in cache
2025-02-19 16:05:20,942 - INFO - Acessando a Amazon...
2025-02-19 16:05:28,581 - INFO - ‚è≥ Aguardando CAPTCHA ser resolvido...
2025-02-19 16:05:35,088 - INFO - ‚è≥ Aguardando CAPTCHA ser resolvido...
2025-02-19 16:06:10,980 - INFO - Iniciando o WebDriver...
2025-02-19 16:06:10,980 - INFO - ====== WebDriver manager ======
2025-02-19 16:06:16,483 - INFO - Get LATEST chromedriver version for google-chrome
2025-02-19 16:06:16,613 - INFO - Get LATEST chromedriver version for google-chrome
2025-02-19 16:06:16,723 - INFO - Driver [C:\Users\be4fe\.wdm\drivers\chromedriver\win64\133.0.6943.126\chromedriver-win32/chromedriver.exe] found in cache
2025-02-19 16:06:22,986 - INFO - Acessando a Amazon...
2025-02-19 16:06:27,136 - INFO - ‚úÖ CAPTCHA resolvido! Continuando a automa√ß√£o...
2025-02-19 16:06:44,351 - INFO - Fechando o navegador...
2025-02-19 16:06:49,331 - INFO - ‚úÖ Dados salvos com sucesso em 'produtos_amazon_openpyxl.xlsx'!
2025-02-19 16:06:49,331 - INFO - Enviando e-mail com o relat√≥rio...
2025-02-19 16:06:53,659 - INFO - ‚úÖ E-mail enviado com sucesso!
2025-02-19 16:08:45,753 - INFO - Iniciando o WebDriver...
2025-02-19 16:08:45,753 - INFO - ====== WebDriver manager ======
2025-02-19 16:08:53,095 - INFO - Get LATEST chromedriver version for google-chrome
2025-02-19 16:08:53,220 - INFO - Get LATEST chromedriver version for google-chrome
2025-02-19 16:08:53,332 - INFO - Driver [C:\Users\be4fe\.wdm\drivers\chromedriver\win64\133.0.6943.126\chromedriver-win32/chromedriver.exe] found in cache
2025-02-19 16:09:10,510 - INFO - Acessando a Amazon...
2025-02-19 16:09:25,414 - INFO - ‚è≥ Aguardando CAPTCHA ser resolvido...
2025-02-19 16:09:31,671 - INFO - ‚è≥ Aguardando CAPTCHA ser resolvido...
2025-02-19 16:09:34,834 - INFO - ‚è≥ Aguardando CAPTCHA ser resolvido...
2025-02-19 16:10:06,802 - INFO - Iniciando o WebDriver...
2025-02-19 16:10:06,804 - INFO - ====== WebDriver manager ======
2025-02-19 16:10:12,628 - INFO - Get LATEST chromedriver version for google-chrome
2025-02-19 16:10:12,766 - INFO - Get LATEST chromedriver version for google-chrome
2025-02-19 16:10:12,893 - INFO - Driver [C:\Users\be4fe\.wdm\drivers\chromedriver\win64\133.0.6943.126\chromedriver-win32/chromedriver.exe] found in cache
2025-02-19 16:10:19,981 - INFO - Acessando a Amazon...
2025-02-19 16:10:31,606 - INFO - ‚úÖ CAPTCHA resolvido! Continuando a automa√ß√£o...
2025-02-19 16:10:46,758 - INFO - Fechando o navegador...
2025-02-19 16:10:49,650 - INFO - ‚úÖ Dados salvos com sucesso em 'produtos_amazon_openpyxl.xlsx'!
2025-02-19 16:10:49,650 - INFO - Enviando e-mail com o relat√≥rio...
2025-02-19 16:10:54,060 - INFO - ‚úÖ E-mail enviado com sucesso!
2025-03-11 16:45:21,484 - INFO - Iniciando o WebDriver...
2025-03-11 16:45:21,484 - INFO - ====== WebDriver manager ======
2025-03-11 16:45:24,916 - INFO - Get LATEST chromedriver version for google-chrome
2025-03-11 16:45:25,073 - INFO - Get LATEST chromedriver version for google-chrome
2025-03-11 16:45:25,179 - INFO - There is no [win64] chromedriver "134.0.6998.88" for browser google-chrome "134.0.6998" in cache
2025-03-11 16:45:25,179 - INFO - Get LATEST chromedriver version for google-chrome
2025-03-11 16:45:25,475 - INFO - WebDriver version 134.0.6998.88 selected
2025-03-11 16:45:25,477 - INFO - Modern chrome version https://storage.googleapis.com/chrome-for-testing-public/134.0.6998.88/win32/chromedriver-win32.zip
2025-03-11 16:45:25,477 - INFO - About to download new driver from https://storage.googleapis.com/chrome-for-testing-public/134.0.6998.88/win32/chromedriver-win32.zip
2025-03-11 16:45:25,694 - INFO - Driver downloading response is 200
2025-03-11 16:45:26,956 - INFO - Get LATEST chromedriver version for google-chrome
2025-03-11 16:45:27,261 - INFO - Driver has been saved in cache [C:\Users\be4fe\.wdm\drivers\chromedriver\win64\134.0.6998.88]
2025-03-11 16:45:30,729 - INFO - Acessando a Amazon...
2025-03-11 16:45:34,887 - INFO - √¢¬è¬≥ Aguardando CAPTCHA ser resolvido...
2025-03-11 16:45:39,186 - INFO - √¢¬ú¬Ö CAPTCHA resolvido! Continuando a automa√É¬ß√É¬£o...
2025-03-11 16:45:51,716 - INFO - Fechando o navegador...
2025-03-11 16:45:54,215 - INFO - √¢¬ú¬Ö Dados salvos com sucesso em 'produtos_amazon_openpyxl.xlsx'!
2025-03-11 16:45:54,216 - INFO - Enviando e-mail com o relat√É¬≥rio...
2025-03-11 16:45:58,700 - INFO - √¢¬ú¬Ö E-mail enviado com sucesso!
